<?xml version="1.0" encoding="UTF-8"?>
<Site BuildName="Win32-MSBuild"
	BuildStamp="20240102-1135-Experimental"
	Name="LAPTOP-ILORT5KH"
	Generator="ctest-3.27.0-rc4"
	CompilerName="C:/Program Files/Microsoft Visual Studio/2022/Community/VC/Tools/MSVC/14.36.32532/bin/Hostx86/x86/cl.exe"
	CompilerVersion="19.36.32537.0"
	OSName="Windows"
	Hostname="LAPTOP-ILORT5KH"
	OSRelease=" Personal"
	OSVersion=" (Build 22621)"
	OSPlatform="AMD64"
	Is64Bits="1"
	VendorString="GenuineIntel"
	VendorID="Intel Corporation"
	FamilyID="6"
	ModelID="5"
	ProcessorCacheSize="-1"
	NumberOfLogicalCPU="8"
	NumberOfPhysicalCPU="4"
	TotalVirtualMemory="46871"
	TotalPhysicalMemory="16151"
	LogicalProcessorsPerPhysical="2"
	ProcessorClockFrequency="2496"
	>
	<Testing>
		<StartDateTime>Jan 02 12:40 Paris, Madrid</StartDateTime>
		<StartTestTime>1704195627</StartTestTime>
		<TestList/>
		<EndDateTime>Jan 02 12:40 Paris, Madrid</EndDateTime>
		<EndTestTime>1704195627</EndTestTime>
		<ElapsedMinutes>0</ElapsedMinutes>
	</Testing>
</Site>
